c:\githubprojects\mariosfml\mariogame\mariogame\x64\release\vc143.pdb
c:\githubprojects\mariosfml\mariogame\mariogame\x64\release\mario.obj
c:\githubprojects\mariosfml\mariogame\mariogame\x64\release\map.obj
c:\githubprojects\mariosfml\mariogame\mariogame\x64\release\main.obj
c:\githubprojects\mariosfml\mariogame\mariogame\x64\release\game.obj
c:\githubprojects\mariosfml\mariogame\mariogame\x64\release\audiomanager.obj
c:\githubprojects\mariosfml\mariogame\mariogame\x64\release\animator.obj
c:\githubprojects\mariosfml\mariogame\mariogame\x64\release\collisionmanager.obj
c:\githubprojects\mariosfml\mariogame\mariogame\x64\release\luckyblock.obj
c:\githubprojects\mariosfml\mariogame\mariogame\x64\release\brick.obj
c:\githubprojects\mariosfml\mariogame\x64\release\mariogame.exe
c:\githubprojects\mariosfml\mariogame\x64\release\mariogame.pdb
c:\githubprojects\mariosfml\mariogame\x64\release\mariogame.lib
c:\githubprojects\mariosfml\mariogame\x64\release\mariogame.exp
c:\githubprojects\mariosfml\mariogame\mariogame\x64\release\mariogame.ipdb
c:\githubprojects\mariosfml\mariogame\mariogame\x64\release\mariogame.iobj
c:\githubprojects\mariosfml\mariogame\mariogame\x64\release\mariogame.tlog\cl.command.1.tlog
c:\githubprojects\mariosfml\mariogame\mariogame\x64\release\mariogame.tlog\cl.items.tlog
c:\githubprojects\mariosfml\mariogame\mariogame\x64\release\mariogame.tlog\cl.read.1.tlog
c:\githubprojects\mariosfml\mariogame\mariogame\x64\release\mariogame.tlog\cl.write.1.tlog
c:\githubprojects\mariosfml\mariogame\mariogame\x64\release\mariogame.tlog\link.command.1.tlog
c:\githubprojects\mariosfml\mariogame\mariogame\x64\release\mariogame.tlog\link.read.1.tlog
c:\githubprojects\mariosfml\mariogame\mariogame\x64\release\mariogame.tlog\link.secondary.1.tlog
c:\githubprojects\mariosfml\mariogame\mariogame\x64\release\mariogame.tlog\link.write.1.tlog
