c:\githubprojects\mariosfml\mariogame\mariogame\x64\debug\vc143.pdb
c:\githubprojects\mariosfml\mariogame\mariogame\x64\debug\vc143.idb
c:\githubprojects\mariosfml\mariogame\mariogame\x64\debug\texturemanager.obj
c:\githubprojects\mariosfml\mariogame\mariogame\x64\debug\tclock.obj
c:\githubprojects\mariosfml\mariogame\mariogame\x64\debug\quadtree.obj
c:\githubprojects\mariosfml\mariogame\mariogame\x64\debug\mushroom.obj
c:\githubprojects\mariosfml\mariogame\mariogame\x64\debug\mariostate.obj
c:\githubprojects\mariosfml\mariogame\mariogame\x64\debug\mario.obj
c:\githubprojects\mariosfml\mariogame\mariogame\x64\debug\map.obj
c:\githubprojects\mariosfml\mariogame\mariogame\x64\debug\main.obj
c:\githubprojects\mariosfml\mariogame\mariogame\x64\debug\luckyblock.obj
c:\githubprojects\mariosfml\mariogame\mariogame\x64\debug\item.obj
c:\githubprojects\mariosfml\mariogame\mariogame\x64\debug\game.obj
c:\githubprojects\mariosfml\mariogame\mariogame\x64\debug\flag.obj
c:\githubprojects\mariosfml\mariogame\mariogame\x64\debug\fireflower.obj
c:\githubprojects\mariosfml\mariogame\mariogame\x64\debug\fireball.obj
c:\githubprojects\mariosfml\mariogame\mariogame\x64\debug\collisionmanager.obj
c:\githubprojects\mariosfml\mariogame\mariogame\x64\debug\brick.obj
c:\githubprojects\mariosfml\mariogame\mariogame\x64\debug\audiomanager.obj
c:\githubprojects\mariosfml\mariogame\mariogame\x64\debug\animator.obj
c:\githubprojects\mariosfml\mariogame\x64\debug\mariogame.exe
c:\githubprojects\mariosfml\mariogame\x64\debug\mariogame.pdb
c:\githubprojects\mariosfml\mariogame\x64\debug\mariogame.lib
c:\githubprojects\mariosfml\mariogame\x64\debug\mariogame.exp
c:\githubprojects\mariosfml\mariogame\mariogame\x64\debug\mariogame.ilk
c:\githubprojects\mariosfml\mariogame\mariogame\x64\debug\mariogame.tlog\cl.command.1.tlog
c:\githubprojects\mariosfml\mariogame\mariogame\x64\debug\mariogame.tlog\cl.items.tlog
c:\githubprojects\mariosfml\mariogame\mariogame\x64\debug\mariogame.tlog\cl.read.1.tlog
c:\githubprojects\mariosfml\mariogame\mariogame\x64\debug\mariogame.tlog\cl.write.1.tlog
c:\githubprojects\mariosfml\mariogame\mariogame\x64\debug\mariogame.tlog\link.command.1.tlog
c:\githubprojects\mariosfml\mariogame\mariogame\x64\debug\mariogame.tlog\link.read.1.tlog
c:\githubprojects\mariosfml\mariogame\mariogame\x64\debug\mariogame.tlog\link.secondary.1.tlog
c:\githubprojects\mariosfml\mariogame\mariogame\x64\debug\mariogame.tlog\link.write.1.tlog
