c:\githubprojects\sfmlplatformer\sfmlplatformer\sfmlplatformer\x64\debug\vc143.pdb
c:\githubprojects\sfmlplatformer\sfmlplatformer\sfmlplatformer\x64\debug\vc143.idb
c:\githubprojects\sfmlplatformer\sfmlplatformer\sfmlplatformer\x64\debug\texturemanager.obj
c:\githubprojects\sfmlplatformer\sfmlplatformer\sfmlplatformer\x64\debug\tclock.obj
c:\githubprojects\sfmlplatformer\sfmlplatformer\sfmlplatformer\x64\debug\quadtree.obj
c:\githubprojects\sfmlplatformer\sfmlplatformer\sfmlplatformer\x64\debug\mushroom.obj
c:\githubprojects\sfmlplatformer\sfmlplatformer\sfmlplatformer\x64\debug\playerstate.obj
c:\githubprojects\sfmlplatformer\sfmlplatformer\sfmlplatformer\x64\debug\player.obj
c:\githubprojects\sfmlplatformer\sfmlplatformer\sfmlplatformer\x64\debug\map.obj
c:\githubprojects\sfmlplatformer\sfmlplatformer\sfmlplatformer\x64\debug\main.obj
c:\githubprojects\sfmlplatformer\sfmlplatformer\sfmlplatformer\x64\debug\luckyblock.obj
c:\githubprojects\sfmlplatformer\sfmlplatformer\sfmlplatformer\x64\debug\item.obj
c:\githubprojects\sfmlplatformer\sfmlplatformer\sfmlplatformer\x64\debug\gamestate.obj
c:\githubprojects\sfmlplatformer\sfmlplatformer\sfmlplatformer\x64\debug\game.obj
c:\githubprojects\sfmlplatformer\sfmlplatformer\sfmlplatformer\x64\debug\flag.obj
c:\githubprojects\sfmlplatformer\sfmlplatformer\sfmlplatformer\x64\debug\fireflower.obj
c:\githubprojects\sfmlplatformer\sfmlplatformer\sfmlplatformer\x64\debug\fireball.obj
c:\githubprojects\sfmlplatformer\sfmlplatformer\sfmlplatformer\x64\debug\collisionmanager.obj
c:\githubprojects\sfmlplatformer\sfmlplatformer\sfmlplatformer\x64\debug\brick.obj
c:\githubprojects\sfmlplatformer\sfmlplatformer\sfmlplatformer\x64\debug\audiomanager.obj
c:\githubprojects\sfmlplatformer\sfmlplatformer\sfmlplatformer\x64\debug\animator.obj
c:\githubprojects\sfmlplatformer\sfmlplatformer\x64\debug\sfmlplatformer.exe
c:\githubprojects\sfmlplatformer\sfmlplatformer\x64\debug\sfmlplatformer.pdb
c:\githubprojects\sfmlplatformer\sfmlplatformer\x64\debug\sfmlplatformer.lib
c:\githubprojects\sfmlplatformer\sfmlplatformer\x64\debug\sfmlplatformer.exp
c:\githubprojects\sfmlplatformer\sfmlplatformer\sfmlplatformer\x64\debug\sfmlplatformer.ilk
c:\githubprojects\sfmlplatformer\sfmlplatformer\sfmlplatformer\x64\debug\sfmlplatformer.tlog\cl.command.1.tlog
c:\githubprojects\sfmlplatformer\sfmlplatformer\sfmlplatformer\x64\debug\sfmlplatformer.tlog\cl.items.tlog
c:\githubprojects\sfmlplatformer\sfmlplatformer\sfmlplatformer\x64\debug\sfmlplatformer.tlog\cl.read.1.tlog
c:\githubprojects\sfmlplatformer\sfmlplatformer\sfmlplatformer\x64\debug\sfmlplatformer.tlog\cl.write.1.tlog
c:\githubprojects\sfmlplatformer\sfmlplatformer\sfmlplatformer\x64\debug\sfmlplatformer.tlog\link.command.1.tlog
c:\githubprojects\sfmlplatformer\sfmlplatformer\sfmlplatformer\x64\debug\sfmlplatformer.tlog\link.read.1.tlog
c:\githubprojects\sfmlplatformer\sfmlplatformer\sfmlplatformer\x64\debug\sfmlplatformer.tlog\link.secondary.1.tlog
c:\githubprojects\sfmlplatformer\sfmlplatformer\sfmlplatformer\x64\debug\sfmlplatformer.tlog\link.write.1.tlog
