  Brick.cpp
  CollisionManager.cpp
  FireBall.cpp
  FireFlower.cpp
  Game.cpp
  GameState.cpp
  Item.cpp
  LuckyBlock.cpp
  Map.cpp
  MushRoom.cpp
  PlayerState.cpp
  QuadTree.cpp
  main.cpp
     Creating library C:\GitHubProjects\SFMLPlatformer\SFMLPlatformer\x64\Release\SFMLPlatformer.lib and object C:\GitHubProjects\SFMLPlatformer\SFMLPlatformer\x64\Release\SFMLPlatformer.exp
  Generating code
  27 of 6052 functions ( 0.4%) were compiled, the rest were copied from previous compilation.
    0 functions were new in current compilation
    18 functions had inline decision re-evaluated but remain unchanged
  Finished generating code
  SFMLPlatformer.vcxproj -> C:\GitHubProjects\SFMLPlatformer\SFMLPlatformer\x64\Release\SFMLPlatformer.exe
