  CollisionManager.cpp
C:\GitHubProjects\MarioSFML\MarioGame\src\Math.h(32,36): warning C4244: 'return': conversion from 'double' to 'int', possible loss of data
  (compiling source file 'src/CollisionManager.cpp')
  
  Game.cpp
C:\GitHubProjects\MarioSFML\MarioGame\src\Math.h(32,36): warning C4244: 'return': conversion from 'double' to 'int', possible loss of data
  (compiling source file 'src/Game.cpp')
  
C:\GitHubProjects\MarioSFML\MarioGame\src\Animator.h(38,27): warning C4018: '<': signed/unsigned mismatch
  (compiling source file 'src/Game.cpp')
  
C:\GitHubProjects\MarioSFML\MarioGame\src\Animator.h(61,26): warning C4018: '<': signed/unsigned mismatch
  (compiling source file 'src/Game.cpp')
  
C:\GitHubProjects\MarioSFML\MarioGame\src\Animator.h(69,27): warning C4018: '<': signed/unsigned mismatch
  (compiling source file 'src/Game.cpp')
  
C:\GitHubProjects\MarioSFML\MarioGame\src\Animator.h(138,31): warning C4018: '>': signed/unsigned mismatch
  (compiling source file 'src/Game.cpp')
  
C:\GitHubProjects\MarioSFML\MarioGame\src\Animator.h(142,31): warning C4018: '>': signed/unsigned mismatch
  (compiling source file 'src/Game.cpp')
  
C:\GitHubProjects\MarioSFML\MarioGame\src\Animator.h(184,72): warning C4244: 'initializing': conversion from 'float' to 'int', possible loss of data
  (compiling source file 'src/Game.cpp')
  
C:\GitHubProjects\MarioSFML\MarioGame\src\Animator.h(184,93): warning C4244: 'initializing': conversion from 'float' to 'int', possible loss of data
  (compiling source file 'src/Game.cpp')
  
C:\GitHubProjects\MarioSFML\MarioGame\src\Animator.h(208,36): warning C4018: '>': signed/unsigned mismatch
  (compiling source file 'src/Game.cpp')
  
C:\GitHubProjects\MarioSFML\MarioGame\src\Block.h(42,34): warning C4244: 'argument': conversion from 'float' to 'int', possible loss of data
  (compiling source file 'src/Game.cpp')
  
C:\GitHubProjects\MarioSFML\MarioGame\src\Block.h(42,21): warning C4244: 'argument': conversion from 'float' to 'int', possible loss of data
  (compiling source file 'src/Game.cpp')
  
  LuckyBlock.cpp
C:\GitHubProjects\MarioSFML\MarioGame\src\Math.h(32,36): warning C4244: 'return': conversion from 'double' to 'int', possible loss of data
  (compiling source file 'src/LuckyBlock.cpp')
  
C:\GitHubProjects\MarioSFML\MarioGame\src\Animator.h(38,27): warning C4018: '<': signed/unsigned mismatch
  (compiling source file 'src/LuckyBlock.cpp')
  
C:\GitHubProjects\MarioSFML\MarioGame\src\Animator.h(61,26): warning C4018: '<': signed/unsigned mismatch
  (compiling source file 'src/LuckyBlock.cpp')
  
C:\GitHubProjects\MarioSFML\MarioGame\src\Animator.h(69,27): warning C4018: '<': signed/unsigned mismatch
  (compiling source file 'src/LuckyBlock.cpp')
  
C:\GitHubProjects\MarioSFML\MarioGame\src\Animator.h(138,31): warning C4018: '>': signed/unsigned mismatch
  (compiling source file 'src/LuckyBlock.cpp')
  
C:\GitHubProjects\MarioSFML\MarioGame\src\Animator.h(142,31): warning C4018: '>': signed/unsigned mismatch
  (compiling source file 'src/LuckyBlock.cpp')
  
C:\GitHubProjects\MarioSFML\MarioGame\src\Animator.h(184,72): warning C4244: 'initializing': conversion from 'float' to 'int', possible loss of data
  (compiling source file 'src/LuckyBlock.cpp')
  
C:\GitHubProjects\MarioSFML\MarioGame\src\Animator.h(184,93): warning C4244: 'initializing': conversion from 'float' to 'int', possible loss of data
  (compiling source file 'src/LuckyBlock.cpp')
  
C:\GitHubProjects\MarioSFML\MarioGame\src\Animator.h(208,36): warning C4018: '>': signed/unsigned mismatch
  (compiling source file 'src/LuckyBlock.cpp')
  
C:\GitHubProjects\MarioSFML\MarioGame\src\Block.h(42,34): warning C4244: 'argument': conversion from 'float' to 'int', possible loss of data
  (compiling source file 'src/LuckyBlock.cpp')
  
C:\GitHubProjects\MarioSFML\MarioGame\src\Block.h(42,21): warning C4244: 'argument': conversion from 'float' to 'int', possible loss of data
  (compiling source file 'src/LuckyBlock.cpp')
  
  Map.cpp
C:\GitHubProjects\MarioSFML\MarioGame\src\Math.h(32,36): warning C4244: 'return': conversion from 'double' to 'int', possible loss of data
  (compiling source file 'src/Map.cpp')
  
C:\GitHubProjects\MarioSFML\MarioGame\src\Animator.h(38,27): warning C4018: '<': signed/unsigned mismatch
  (compiling source file 'src/Map.cpp')
  
C:\GitHubProjects\MarioSFML\MarioGame\src\Animator.h(61,26): warning C4018: '<': signed/unsigned mismatch
  (compiling source file 'src/Map.cpp')
  
C:\GitHubProjects\MarioSFML\MarioGame\src\Animator.h(69,27): warning C4018: '<': signed/unsigned mismatch
  (compiling source file 'src/Map.cpp')
  
C:\GitHubProjects\MarioSFML\MarioGame\src\Animator.h(138,31): warning C4018: '>': signed/unsigned mismatch
  (compiling source file 'src/Map.cpp')
  
C:\GitHubProjects\MarioSFML\MarioGame\src\Animator.h(142,31): warning C4018: '>': signed/unsigned mismatch
  (compiling source file 'src/Map.cpp')
  
C:\GitHubProjects\MarioSFML\MarioGame\src\Animator.h(184,72): warning C4244: 'initializing': conversion from 'float' to 'int', possible loss of data
  (compiling source file 'src/Map.cpp')
  
C:\GitHubProjects\MarioSFML\MarioGame\src\Animator.h(184,93): warning C4244: 'initializing': conversion from 'float' to 'int', possible loss of data
  (compiling source file 'src/Map.cpp')
  
C:\GitHubProjects\MarioSFML\MarioGame\src\Animator.h(208,36): warning C4018: '>': signed/unsigned mismatch
  (compiling source file 'src/Map.cpp')
  
C:\GitHubProjects\MarioSFML\MarioGame\src\Block.h(42,34): warning C4244: 'argument': conversion from 'float' to 'int', possible loss of data
  (compiling source file 'src/Map.cpp')
  
C:\GitHubProjects\MarioSFML\MarioGame\src\Block.h(42,21): warning C4244: 'argument': conversion from 'float' to 'int', possible loss of data
  (compiling source file 'src/Map.cpp')
  
C:\GitHubProjects\MarioSFML\MarioGame\src\Map.cpp(34,117): warning C4244: 'argument': conversion from 'T' to 'const unsigned int', possible loss of data
C:\GitHubProjects\MarioSFML\MarioGame\src\Map.cpp(34,117): warning C4244:         with
C:\GitHubProjects\MarioSFML\MarioGame\src\Map.cpp(34,117): warning C4244:         [
C:\GitHubProjects\MarioSFML\MarioGame\src\Map.cpp(34,117): warning C4244:             T=float
C:\GitHubProjects\MarioSFML\MarioGame\src\Map.cpp(34,117): warning C4244:         ]
C:\GitHubProjects\MarioSFML\MarioGame\src\Map.cpp(165,20): warning C4018: '<': signed/unsigned mismatch
C:\GitHubProjects\MarioSFML\MarioGame\src\Map.cpp(187,19): warning C4244: 'initializing': conversion from 'T' to 'float', possible loss of data
C:\GitHubProjects\MarioSFML\MarioGame\src\Map.cpp(187,19): warning C4244:         with
C:\GitHubProjects\MarioSFML\MarioGame\src\Map.cpp(187,19): warning C4244:         [
C:\GitHubProjects\MarioSFML\MarioGame\src\Map.cpp(187,19): warning C4244:             T=int
C:\GitHubProjects\MarioSFML\MarioGame\src\Map.cpp(187,19): warning C4244:         ]
C:\GitHubProjects\MarioSFML\MarioGame\src\Map.cpp(188,20): warning C4244: 'initializing': conversion from 'T' to 'float', possible loss of data
C:\GitHubProjects\MarioSFML\MarioGame\src\Map.cpp(188,20): warning C4244:         with
C:\GitHubProjects\MarioSFML\MarioGame\src\Map.cpp(188,20): warning C4244:         [
C:\GitHubProjects\MarioSFML\MarioGame\src\Map.cpp(188,20): warning C4244:             T=int
C:\GitHubProjects\MarioSFML\MarioGame\src\Map.cpp(188,20): warning C4244:         ]
C:\GitHubProjects\MarioSFML\MarioGame\src\Map.cpp(195,86): warning C4244: 'argument': conversion from 'T' to 'T', possible loss of data
C:\GitHubProjects\MarioSFML\MarioGame\src\Map.cpp(195,86): warning C4244:         with
C:\GitHubProjects\MarioSFML\MarioGame\src\Map.cpp(195,86): warning C4244:         [
C:\GitHubProjects\MarioSFML\MarioGame\src\Map.cpp(195,86): warning C4244:             T=int
C:\GitHubProjects\MarioSFML\MarioGame\src\Map.cpp(195,86): warning C4244:         ]
C:\GitHubProjects\MarioSFML\MarioGame\src\Map.cpp(195,86): warning C4244:         and
C:\GitHubProjects\MarioSFML\MarioGame\src\Map.cpp(195,86): warning C4244:         [
C:\GitHubProjects\MarioSFML\MarioGame\src\Map.cpp(195,86): warning C4244:             T=float
C:\GitHubProjects\MarioSFML\MarioGame\src\Map.cpp(195,86): warning C4244:         ]
C:\GitHubProjects\MarioSFML\MarioGame\src\Map.cpp(195,72): warning C4244: 'argument': conversion from 'T' to 'T', possible loss of data
C:\GitHubProjects\MarioSFML\MarioGame\src\Map.cpp(195,72): warning C4244:         with
C:\GitHubProjects\MarioSFML\MarioGame\src\Map.cpp(195,72): warning C4244:         [
C:\GitHubProjects\MarioSFML\MarioGame\src\Map.cpp(195,72): warning C4244:             T=int
C:\GitHubProjects\MarioSFML\MarioGame\src\Map.cpp(195,72): warning C4244:         ]
C:\GitHubProjects\MarioSFML\MarioGame\src\Map.cpp(195,72): warning C4244:         and
C:\GitHubProjects\MarioSFML\MarioGame\src\Map.cpp(195,72): warning C4244:         [
C:\GitHubProjects\MarioSFML\MarioGame\src\Map.cpp(195,72): warning C4244:             T=float
C:\GitHubProjects\MarioSFML\MarioGame\src\Map.cpp(195,72): warning C4244:         ]
C:\GitHubProjects\MarioSFML\MarioGame\src\Map.cpp(196,83): warning C4244: 'argument': conversion from 'T' to 'T', possible loss of data
C:\GitHubProjects\MarioSFML\MarioGame\src\Map.cpp(196,83): warning C4244:         with
C:\GitHubProjects\MarioSFML\MarioGame\src\Map.cpp(196,83): warning C4244:         [
C:\GitHubProjects\MarioSFML\MarioGame\src\Map.cpp(196,83): warning C4244:             T=int
C:\GitHubProjects\MarioSFML\MarioGame\src\Map.cpp(196,83): warning C4244:         ]
C:\GitHubProjects\MarioSFML\MarioGame\src\Map.cpp(196,83): warning C4244:         and
C:\GitHubProjects\MarioSFML\MarioGame\src\Map.cpp(196,83): warning C4244:         [
C:\GitHubProjects\MarioSFML\MarioGame\src\Map.cpp(196,83): warning C4244:             T=float
C:\GitHubProjects\MarioSFML\MarioGame\src\Map.cpp(196,83): warning C4244:         ]
C:\GitHubProjects\MarioSFML\MarioGame\src\Map.cpp(198,72): warning C4244: 'argument': conversion from 'T' to 'T', possible loss of data
C:\GitHubProjects\MarioSFML\MarioGame\src\Map.cpp(198,72): warning C4244:         with
C:\GitHubProjects\MarioSFML\MarioGame\src\Map.cpp(198,72): warning C4244:         [
C:\GitHubProjects\MarioSFML\MarioGame\src\Map.cpp(198,72): warning C4244:             T=int
C:\GitHubProjects\MarioSFML\MarioGame\src\Map.cpp(198,72): warning C4244:         ]
C:\GitHubProjects\MarioSFML\MarioGame\src\Map.cpp(198,72): warning C4244:         and
C:\GitHubProjects\MarioSFML\MarioGame\src\Map.cpp(198,72): warning C4244:         [
C:\GitHubProjects\MarioSFML\MarioGame\src\Map.cpp(198,72): warning C4244:             T=float
C:\GitHubProjects\MarioSFML\MarioGame\src\Map.cpp(198,72): warning C4244:         ]
C:\GitHubProjects\MarioSFML\MarioGame\src\Map.cpp(238,58): warning C4018: '>': signed/unsigned mismatch
C:\GitHubProjects\MarioSFML\MarioGame\src\Map.cpp(240,44): warning C4018: '>=': signed/unsigned mismatch
C:\GitHubProjects\MarioSFML\MarioGame\src\Map.cpp(256,27): warning C4018: '>=': signed/unsigned mismatch
  Mario.cpp
C:\GitHubProjects\MarioSFML\MarioGame\src\Math.h(32,36): warning C4244: 'return': conversion from 'double' to 'int', possible loss of data
  (compiling source file 'src/Mario.cpp')
  
C:\GitHubProjects\MarioSFML\MarioGame\src\Animator.h(38,27): warning C4018: '<': signed/unsigned mismatch
  (compiling source file 'src/Mario.cpp')
  
C:\GitHubProjects\MarioSFML\MarioGame\src\Animator.h(61,26): warning C4018: '<': signed/unsigned mismatch
  (compiling source file 'src/Mario.cpp')
  
C:\GitHubProjects\MarioSFML\MarioGame\src\Animator.h(69,27): warning C4018: '<': signed/unsigned mismatch
  (compiling source file 'src/Mario.cpp')
  
C:\GitHubProjects\MarioSFML\MarioGame\src\Animator.h(138,31): warning C4018: '>': signed/unsigned mismatch
  (compiling source file 'src/Mario.cpp')
  
C:\GitHubProjects\MarioSFML\MarioGame\src\Animator.h(142,31): warning C4018: '>': signed/unsigned mismatch
  (compiling source file 'src/Mario.cpp')
  
C:\GitHubProjects\MarioSFML\MarioGame\src\Animator.h(184,72): warning C4244: 'initializing': conversion from 'float' to 'int', possible loss of data
  (compiling source file 'src/Mario.cpp')
  
C:\GitHubProjects\MarioSFML\MarioGame\src\Animator.h(184,93): warning C4244: 'initializing': conversion from 'float' to 'int', possible loss of data
  (compiling source file 'src/Mario.cpp')
  
C:\GitHubProjects\MarioSFML\MarioGame\src\Animator.h(208,36): warning C4018: '>': signed/unsigned mismatch
  (compiling source file 'src/Mario.cpp')
  
C:\GitHubProjects\MarioSFML\MarioGame\src\Block.h(42,34): warning C4244: 'argument': conversion from 'float' to 'int', possible loss of data
  (compiling source file 'src/Mario.cpp')
  
C:\GitHubProjects\MarioSFML\MarioGame\src\Block.h(42,21): warning C4244: 'argument': conversion from 'float' to 'int', possible loss of data
  (compiling source file 'src/Mario.cpp')
  
C:\GitHubProjects\MarioSFML\MarioGame\src\MarioState.cpp(93,15): warning C4244: 'argument': conversion from 'float' to 'int', possible loss of data
  (compiling source file 'src/Mario.cpp')
  
C:\GitHubProjects\MarioSFML\MarioGame\src\MarioState.cpp(98,15): warning C4244: 'argument': conversion from 'float' to 'int', possible loss of data
  (compiling source file 'src/Mario.cpp')
  
  main.cpp
C:\GitHubProjects\MarioSFML\MarioGame\src\Math.h(32,36): warning C4244: 'return': conversion from 'double' to 'int', possible loss of data
  (compiling source file 'src/main.cpp')
  
C:\GitHubProjects\MarioSFML\MarioGame\src\Animator.h(38,27): warning C4018: '<': signed/unsigned mismatch
  (compiling source file 'src/main.cpp')
  
C:\GitHubProjects\MarioSFML\MarioGame\src\Animator.h(61,26): warning C4018: '<': signed/unsigned mismatch
  (compiling source file 'src/main.cpp')
  
C:\GitHubProjects\MarioSFML\MarioGame\src\Animator.h(69,27): warning C4018: '<': signed/unsigned mismatch
  (compiling source file 'src/main.cpp')
  
C:\GitHubProjects\MarioSFML\MarioGame\src\Animator.h(138,31): warning C4018: '>': signed/unsigned mismatch
  (compiling source file 'src/main.cpp')
  
C:\GitHubProjects\MarioSFML\MarioGame\src\Animator.h(142,31): warning C4018: '>': signed/unsigned mismatch
  (compiling source file 'src/main.cpp')
  
C:\GitHubProjects\MarioSFML\MarioGame\src\Animator.h(184,72): warning C4244: 'initializing': conversion from 'float' to 'int', possible loss of data
  (compiling source file 'src/main.cpp')
  
C:\GitHubProjects\MarioSFML\MarioGame\src\Animator.h(184,93): warning C4244: 'initializing': conversion from 'float' to 'int', possible loss of data
  (compiling source file 'src/main.cpp')
  
C:\GitHubProjects\MarioSFML\MarioGame\src\Animator.h(208,36): warning C4018: '>': signed/unsigned mismatch
  (compiling source file 'src/main.cpp')
  
C:\GitHubProjects\MarioSFML\MarioGame\src\Block.h(42,34): warning C4244: 'argument': conversion from 'float' to 'int', possible loss of data
  (compiling source file 'src/main.cpp')
  
C:\GitHubProjects\MarioSFML\MarioGame\src\Block.h(42,21): warning C4244: 'argument': conversion from 'float' to 'int', possible loss of data
  (compiling source file 'src/main.cpp')
  
     Creating library C:\GitHubProjects\MarioSFML\MarioGame\Release\MarioGame.lib and object C:\GitHubProjects\MarioSFML\MarioGame\Release\MarioGame.exp
Brick.obj : error LNK2001: unresolved external symbol "__declspec(dllimport) public: static class sf::RenderStates const sf::RenderStates::Default" (__imp_?Default@RenderStates@sf@@2V12@B)
Brick.obj : error LNK2001: unresolved external symbol "__declspec(dllimport) public: class sf::Vector2<float> const & __thiscall sf::Transformable::getPosition(void)const " (__imp_?getPosition@Transformable@sf@@QBEABV?$Vector2@M@2@XZ)
Brick.obj : error LNK2001: unresolved external symbol "__declspec(dllimport) public: void __thiscall sf::Transformable::setScale(float,float)" (__imp_?setScale@Transformable@sf@@QAEXMM@Z)
Brick.obj : error LNK2001: unresolved external symbol "__declspec(dllimport) public: void __thiscall sf::Transformable::setPosition(float,float)" (__imp_?setPosition@Transformable@sf@@QAEXMM@Z)
Brick.obj : error LNK2001: unresolved external symbol "__declspec(dllimport) public: bool __thiscall sf::Texture::loadFromFile(class std::basic_string<char,struct std::char_traits<char>,class std::allocator<char> > const &,class sf::Rect<int> const &)" (__imp_?loadFromFile@Texture@sf@@QAE_NABV?$basic_string@DU?$char_traits@D@std@@V?$allocator@D@2@@std@@ABV?$Rect@H@2@@Z)
Brick.obj : error LNK2001: unresolved external symbol "__declspec(dllimport) public: __thiscall sf::Texture::~Texture(void)" (__imp_??1Texture@sf@@QAE@XZ)
Brick.obj : error LNK2001: unresolved external symbol "__declspec(dllimport) public: __thiscall sf::Texture::Texture(void)" (__imp_??0Texture@sf@@QAE@XZ)
Brick.obj : error LNK2001: unresolved external symbol "__declspec(dllimport) public: void __thiscall sf::RenderTarget::draw(class sf::Drawable const &,class sf::RenderStates const &)" (__imp_?draw@RenderTarget@sf@@QAEXABVDrawable@2@ABVRenderStates@2@@Z)
Brick.obj : error LNK2001: unresolved external symbol "__declspec(dllimport) public: void __thiscall sf::Sprite::setTextureRect(class sf::Rect<int> const &)" (__imp_?setTextureRect@Sprite@sf@@QAEXABV?$Rect@H@2@@Z)
Brick.obj : error LNK2001: unresolved external symbol "__declspec(dllimport) public: void __thiscall sf::Sprite::setTexture(class sf::Texture const &,bool)" (__imp_?setTexture@Sprite@sf@@QAEXABVTexture@2@_N@Z)
Brick.obj : error LNK2001: unresolved external symbol "__declspec(dllimport) public: __thiscall sf::Sprite::Sprite(void)" (__imp_??0Sprite@sf@@QAE@XZ)
Brick.obj : error LNK2001: unresolved external symbol "__declspec(dllimport) public: virtual __thiscall sf::Sprite::~Sprite(void)" (__imp_??1Sprite@sf@@UAE@XZ)
Animator.obj : error LNK2001: unresolved external symbol "__declspec(dllimport) public: void __thiscall sf::Transformable::setPosition(class sf::Vector2<float> const &)" (__imp_?setPosition@Transformable@sf@@QAEXABV?$Vector2@M@2@@Z)
Animator.obj : error LNK2001: unresolved external symbol "__declspec(dllimport) public: class sf::Vector2<unsigned int> __thiscall sf::Texture::getSize(void)const " (__imp_?getSize@Texture@sf@@QBE?AV?$Vector2@I@2@XZ)
Animator.obj : error LNK2001: unresolved external symbol "__declspec(dllimport) public: class sf::Rect<float> __thiscall sf::Sprite::getGlobalBounds(void)const " (__imp_?getGlobalBounds@Sprite@sf@@QBE?AV?$Rect@M@2@XZ)
Animator.obj : error LNK2001: unresolved external symbol "__declspec(dllimport) public: class sf::Texture const * __thiscall sf::Sprite::getTexture(void)const " (__imp_?getTexture@Sprite@sf@@QBEPBVTexture@2@XZ)
AudioManager.obj : error LNK2001: unresolved external symbol "__declspec(dllimport) public: bool __thiscall sf::SoundBuffer::loadFromFile(class std::basic_string<char,struct std::char_traits<char>,class std::allocator<char> > const &)" (__imp_?loadFromFile@SoundBuffer@sf@@QAE_NABV?$basic_string@DU?$char_traits@D@std@@V?$allocator@D@2@@std@@@Z)
AudioManager.obj : error LNK2001: unresolved external symbol "__declspec(dllimport) public: __thiscall sf::SoundBuffer::~SoundBuffer(void)" (__imp_??1SoundBuffer@sf@@QAE@XZ)
AudioManager.obj : error LNK2001: unresolved external symbol "__declspec(dllimport) public: __thiscall sf::SoundBuffer::SoundBuffer(void)" (__imp_??0SoundBuffer@sf@@QAE@XZ)
AudioManager.obj : error LNK2001: unresolved external symbol "__declspec(dllimport) public: class sf::Sound & __thiscall sf::Sound::operator=(class sf::Sound const &)" (__imp_??4Sound@sf@@QAEAAV01@ABV01@@Z)
AudioManager.obj : error LNK2001: unresolved external symbol "__declspec(dllimport) public: void __thiscall sf::Sound::setLoop(bool)" (__imp_?setLoop@Sound@sf@@QAEX_N@Z)
AudioManager.obj : error LNK2001: unresolved external symbol "__declspec(dllimport) public: void __thiscall sf::Sound::setBuffer(class sf::SoundBuffer const &)" (__imp_?setBuffer@Sound@sf@@QAEXABVSoundBuffer@2@@Z)
AudioManager.obj : error LNK2001: unresolved external symbol "__declspec(dllimport) public: virtual __thiscall sf::Sound::~Sound(void)" (__imp_??1Sound@sf@@UAE@XZ)
AudioManager.obj : error LNK2001: unresolved external symbol "__declspec(dllimport) public: __thiscall sf::Sound::Sound(void)" (__imp_??0Sound@sf@@QAE@XZ)
Game.obj : error LNK2001: unresolved external symbol "__declspec(dllimport) public: class sf::Time __thiscall sf::Clock::restart(void)" (__imp_?restart@Clock@sf@@QAE?AVTime@2@XZ)
Game.obj : error LNK2001: unresolved external symbol "__declspec(dllimport) public: __thiscall sf::Clock::Clock(void)" (__imp_??0Clock@sf@@QAE@XZ)
Game.obj : error LNK2001: unresolved external symbol "__declspec(dllimport) public: static class sf::Color const sf::Color::White" (__imp_?White@Color@sf@@2V12@B)
Game.obj : error LNK2001: unresolved external symbol "__declspec(dllimport) public: float __thiscall sf::Time::asSeconds(void)const " (__imp_?asSeconds@Time@sf@@QBEMXZ)
Game.obj : error LNK2001: unresolved external symbol "__declspec(dllimport) public: class sf::Vector2<float> const & __thiscall sf::View::getCenter(void)const " (__imp_?getCenter@View@sf@@QBEABV?$Vector2@M@2@XZ)
Game.obj : error LNK2001: unresolved external symbol "__declspec(dllimport) public: void __thiscall sf::View::setSize(float,float)" (__imp_?setSize@View@sf@@QAEXMM@Z)
Game.obj : error LNK2001: unresolved external symbol "__declspec(dllimport) public: void __thiscall sf::View::setCenter(class sf::Vector2<float> const &)" (__imp_?setCenter@View@sf@@QAEXABV?$Vector2@M@2@@Z)
Game.obj : error LNK2001: unresolved external symbol "__declspec(dllimport) public: __thiscall sf::View::View(void)" (__imp_??0View@sf@@QAE@XZ)
Game.obj : error LNK2001: unresolved external symbol "__declspec(dllimport) public: bool __thiscall sf::Font::loadFromFile(class std::basic_string<char,struct std::char_traits<char>,class std::allocator<char> > const &)" (__imp_?loadFromFile@Font@sf@@QAE_NABV?$basic_string@DU?$char_traits@D@std@@V?$allocator@D@2@@std@@@Z)
Game.obj : error LNK2001: unresolved external symbol "__declspec(dllimport) public: __thiscall sf::Font::~Font(void)" (__imp_??1Font@sf@@QAE@XZ)
Game.obj : error LNK2001: unresolved external symbol "__declspec(dllimport) public: __thiscall sf::Font::Font(void)" (__imp_??0Font@sf@@QAE@XZ)
Game.obj : error LNK2001: unresolved external symbol "__declspec(dllimport) protected: virtual void __thiscall sf::RenderWindow::onResize(void)" (__imp_?onResize@RenderWindow@sf@@MAEXXZ)
Game.obj : error LNK2001: unresolved external symbol "__declspec(dllimport) protected: virtual void __thiscall sf::RenderWindow::onCreate(void)" (__imp_?onCreate@RenderWindow@sf@@MAEXXZ)
Game.obj : error LNK2001: unresolved external symbol "__declspec(dllimport) public: virtual bool __thiscall sf::RenderWindow::setActive(bool)" (__imp_?setActive@RenderWindow@sf@@UAE_N_N@Z)
Game.obj : error LNK2001: unresolved external symbol "__declspec(dllimport) public: virtual class sf::Vector2<unsigned int> __thiscall sf::RenderWindow::getSize(void)const " (__imp_?getSize@RenderWindow@sf@@UBE?AV?$Vector2@I@2@XZ)
Game.obj : error LNK2001: unresolved external symbol "__declspec(dllimport) public: virtual __thiscall sf::RenderWindow::~RenderWindow(void)" (__imp_??1RenderWindow@sf@@UAE@XZ)
Game.obj : error LNK2001: unresolved external symbol "__declspec(dllimport) public: __thiscall sf::RenderWindow::RenderWindow(class sf::VideoMode,class sf::String const &,unsigned int,struct sf::ContextSettings const &)" (__imp_??0RenderWindow@sf@@QAE@VVideoMode@1@ABVString@1@IABUContextSettings@1@@Z)
Game.obj : error LNK2001: unresolved external symbol "__declspec(dllimport) public: __thiscall sf::Color::Color(unsigned char,unsigned char,unsigned char,unsigned char)" (__imp_??0Color@sf@@QAE@EEEE@Z)
Game.obj : error LNK2001: unresolved external symbol "__declspec(dllimport) public: void __thiscall sf::Window::display(void)" (__imp_?display@Window@sf@@QAEXXZ)
Game.obj : error LNK2001: unresolved external symbol "__declspec(dllimport) public: void __thiscall sf::Window::setVerticalSyncEnabled(bool)" (__imp_?setVerticalSyncEnabled@Window@sf@@QAEX_N@Z)
Game.obj : error LNK2001: unresolved external symbol "__declspec(dllimport) public: bool __thiscall sf::Window::pollEvent(class sf::Event &)" (__imp_?pollEvent@Window@sf@@QAE_NAAVEvent@2@@Z)
Game.obj : error LNK2001: unresolved external symbol "__declspec(dllimport) public: bool __thiscall sf::Window::isOpen(void)const " (__imp_?isOpen@Window@sf@@QBE_NXZ)
Game.obj : error LNK2001: unresolved external symbol "__declspec(dllimport) public: void __thiscall sf::Window::close(void)" (__imp_?close@Window@sf@@QAEXXZ)
Game.obj : error LNK2001: unresolved external symbol "__declspec(dllimport) public: void __thiscall sf::RenderTarget::setView(class sf::View const &)" (__imp_?setView@RenderTarget@sf@@QAEXABVView@2@@Z)
Game.obj : error LNK2001: unresolved external symbol "__declspec(dllimport) public: void __thiscall sf::RenderTarget::clear(class sf::Color const &)" (__imp_?clear@RenderTarget@sf@@QAEXABVColor@2@@Z)
Game.obj : error LNK2001: unresolved external symbol "__declspec(dllimport) public: __thiscall sf::String::String(char const *,class std::locale const &)" (__imp_??0String@sf@@QAE@PBDABVlocale@std@@@Z)
Game.obj : error LNK2001: unresolved external symbol "__declspec(dllimport) public: __thiscall sf::String::String(class std::basic_string<char,struct std::char_traits<char>,class std::allocator<char> > const &,class std::locale const &)" (__imp_??0String@sf@@QAE@ABV?$basic_string@DU?$char_traits@D@std@@V?$allocator@D@2@@std@@ABVlocale@3@@Z)
Game.obj : error LNK2001: unresolved external symbol "__declspec(dllimport) public: __thiscall sf::VideoMode::VideoMode(unsigned int,unsigned int,unsigned int)" (__imp_??0VideoMode@sf@@QAE@III@Z)
Game.obj : error LNK2001: unresolved external symbol "__declspec(dllimport) public: void __thiscall sf::Text::setFillColor(class sf::Color const &)" (__imp_?setFillColor@Text@sf@@QAEXABVColor@2@@Z)
Game.obj : error LNK2001: unresolved external symbol "__declspec(dllimport) public: void __thiscall sf::Text::setCharacterSize(unsigned int)" (__imp_?setCharacterSize@Text@sf@@QAEXI@Z)
Game.obj : error LNK2001: unresolved external symbol "__declspec(dllimport) public: void __thiscall sf::Text::setFont(class sf::Font const &)" (__imp_?setFont@Text@sf@@QAEXABVFont@2@@Z)
Game.obj : error LNK2001: unresolved external symbol "__declspec(dllimport) public: void __thiscall sf::Text::setString(class sf::String const &)" (__imp_?setString@Text@sf@@QAEXABVString@2@@Z)
Game.obj : error LNK2001: unresolved external symbol "__declspec(dllimport) public: __thiscall sf::Text::Text(void)" (__imp_??0Text@sf@@QAE@XZ)
Game.obj : error LNK2001: unresolved external symbol "__declspec(dllimport) public: virtual __thiscall sf::Text::~Text(void)" (__imp_??1Text@sf@@UAE@XZ)
Game.obj : error LNK2001: unresolved external symbol "__declspec(dllimport) public: __thiscall sf::String::~String(void)" (__imp_??1String@sf@@QAE@XZ)
Map.obj : error LNK2001: unresolved external symbol "__declspec(dllimport) public: class sf::Time __thiscall sf::Clock::getElapsedTime(void)const " (__imp_?getElapsedTime@Clock@sf@@QBE?AVTime@2@XZ)
Map.obj : error LNK2001: unresolved external symbol "__declspec(dllimport) public: int __thiscall sf::Time::asMilliseconds(void)const " (__imp_?asMilliseconds@Time@sf@@QBEHXZ)
Map.obj : error LNK2001: unresolved external symbol "__declspec(dllimport) public: class sf::Vector2<float> const & __thiscall sf::View::getSize(void)const " (__imp_?getSize@View@sf@@QBEABV?$Vector2@M@2@XZ)
Map.obj : error LNK2001: unresolved external symbol "__declspec(dllimport) public: __thiscall sf::RenderStates::RenderStates(void)" (__imp_??0RenderStates@sf@@QAE@XZ)
Map.obj : error LNK2001: unresolved external symbol "__declspec(dllimport) private: virtual void __thiscall sf::VertexArray::draw(class sf::RenderTarget &,class sf::RenderStates)const " (__imp_?draw@VertexArray@sf@@EBEXAAVRenderTarget@2@VRenderStates@2@@Z)
Map.obj : error LNK2001: unresolved external symbol "__declspec(dllimport) public: class sf::Vertex & __thiscall sf::VertexArray::operator[](unsigned int)" (__imp_??AVertexArray@sf@@QAEAAVVertex@1@I@Z)
Map.obj : error LNK2001: unresolved external symbol "__declspec(dllimport) public: __thiscall sf::VertexArray::VertexArray(enum sf::PrimitiveType,unsigned int)" (__imp_??0VertexArray@sf@@QAE@W4PrimitiveType@1@I@Z)
Map.obj : error LNK2001: unresolved external symbol "__declspec(dllimport) public: class sf::View const & __thiscall sf::RenderTarget::getView(void)const " (__imp_?getView@RenderTarget@sf@@QBEABVView@2@XZ)
Map.obj : error LNK2001: unresolved external symbol "__declspec(dllimport) public: class sf::Rect<int> const & __thiscall sf::Sprite::getTextureRect(void)const " (__imp_?getTextureRect@Sprite@sf@@QBEABV?$Rect@H@2@XZ)
Map.obj : error LNK2001: unresolved external symbol "__declspec(dllimport) public: virtual __thiscall sf::VertexArray::~VertexArray(void)" (__imp_??1VertexArray@sf@@UAE@XZ)
Mario.obj : error LNK2001: unresolved external symbol "__declspec(dllimport) public: void __thiscall sf::Transformable::move(float,float)" (__imp_?move@Transformable@sf@@QAEXMM@Z)
Mario.obj : error LNK2001: unresolved external symbol "__declspec(dllimport) public: static bool __cdecl sf::Keyboard::isKeyPressed(enum sf::Keyboard::Key)" (__imp_?isKeyPressed@Keyboard@sf@@SA_NW4Key@12@@Z)
C:\GitHubProjects\MarioSFML\MarioGame\Release\MarioGame.exe : fatal error LNK1120: 71 unresolved externals
